🔗 Found pyo3 bindings
🐍 Found CPython 3.12 at /home/zarvent/developer/v2m-lab/apps/backend/venv/bin/python
   Compiling v2m_engine v0.2.0 (/home/zarvent/developer/v2m-lab/apps/backend/src/v2m_engine)
warning: variable does not need to be mutable
   --> src/lib.rs:187:25
    |
187 |                     let mut guard = consumer.lock().unwrap();
    |                         ----^^^^^
    |                         |
    |                         help: remove this `mut`
    |
    = note: `#[warn(unused_mut)]` (part of `#[warn(unused)]`) on by default

warning[E0133]: call to unsafe function `pyo3::impl_::extract_argument::unwrap_required_argument` is unsafe and requires unsafe block
   --> src/lib.rs:329:36
    |
329 |     fn is_speech(&mut self, frame: &PyArray1<i16>) -> PyResult<bool> {
    |                                    ^ call to unsafe function
    |
    = note: for more information, see <https://doc.rust-lang.org/edition-guide/rust-2024/unsafe-op-in-unsafe-fn.html>
    = note: consult the function's documentation for information on how to avoid undefined behavior
    = note: `#[warn(unsafe_op_in_unsafe_fn)]` (part of `#[warn(rust_2024_compatibility)]`) on by default

warning[E0133]: call to unsafe function `pyo3::impl_::extract_argument::unwrap_required_argument` is unsafe and requires unsafe block
   --> src/lib.rs:357:16
    |
357 |         audio: &PyArray1<f32>,
    |                ^ call to unsafe function
    |
    = note: for more information, see <https://doc.rust-lang.org/edition-guide/rust-2024/unsafe-op-in-unsafe-fn.html>
    = note: consult the function's documentation for information on how to avoid undefined behavior

warning[E0133]: call to unsafe function `pyo3::impl_::extract_argument::unwrap_required_argument` is unsafe and requires unsafe block
   --> src/lib.rs:445:16
    |
445 |         audio: &PyArray1<f32>,
    |                ^ call to unsafe function
    |
    = note: for more information, see <https://doc.rust-lang.org/edition-guide/rust-2024/unsafe-op-in-unsafe-fn.html>
    = note: consult the function's documentation for information on how to avoid undefined behavior

warning: type alias `RingProducer` is never used
  --> src/lib.rs:29:6
   |
29 | type RingProducer = ringbuf::HeapProd<f32>;
   |      ^^^^^^^^^^^^
   |
   = note: `#[warn(dead_code)]` (part of `#[warn(unused)]`) on by default

warning: non-local `impl` definition, `impl` blocks should be written at the same level as their item
  --> src/lib.rs:48:1
   |
48 | #[pymethods]
   | -^^^^^^^^^^^
   | |
   | `PyClassImplCollector` is not local
   | `PyClassNewTextSignature` is not local
   | move the `impl` block outside of this function `trampoline` and up 4 bodies
49 | impl AudioRecorder {
   |      -------------
   |      |
   |      `AudioRecorder` is not local
   |      `AudioRecorder` is not local
   |
   = note: the attribute macro `pymethods` defines the non-local `impl`, and may need to be changed
   = note: the attribute macro `pymethods` may come from an old version of the `pyo3_macros` crate, try updating your dependency with `cargo update -p pyo3_macros`
   = note: an `impl` is never scoped, even when it is nested inside an item, as it may impact type checking outside of that item, which can be the case if neither the trait or the self type are at the same nesting level as the `impl`
   = note: `#[warn(non_local_definitions)]` on by default
   = note: this warning originates in the attribute macro `pymethods` (in Nightly builds, run with -Z macro-backtrace for more info)

warning: non-local `impl` definition, `impl` blocks should be written at the same level as their item
   --> src/lib.rs:282:1
    |
282 | #[pymethods]
    | -^^^^^^^^^^^
    | |
    | `PyClassImplCollector` is not local
    | `PyClassNewTextSignature` is not local
    | move the `impl` block outside of this function `trampoline` and up 4 bodies
283 | impl VoiceActivityDetector {
    |      ---------------------
    |      |
    |      `VoiceActivityDetector` is not local
    |      `VoiceActivityDetector` is not local
    |
    = note: the attribute macro `pymethods` defines the non-local `impl`, and may need to be changed
    = note: the attribute macro `pymethods` may come from an old version of the `pyo3_macros` crate, try updating your dependency with `cargo update -p pyo3_macros`
    = note: an `impl` is never scoped, even when it is nested inside an item, as it may impact type checking outside of that item, which can be the case if neither the trait or the self type are at the same nesting level as the `impl`
    = note: this warning originates in the attribute macro `pymethods` (in Nightly builds, run with -Z macro-backtrace for more info)

warning: non-local `impl` definition, `impl` blocks should be written at the same level as their item
   --> src/lib.rs:484:1
    |
484 | #[pymethods]
    | -^^^^^^^^^^^
    | |
    | `PyClassImplCollector` is not local
    | `PyClassNewTextSignature` is not local
    | move the `impl` block outside of this function `trampoline` and up 4 bodies
485 | impl SystemMonitor {
    |      -------------
    |      |
    |      `SystemMonitor` is not local
    |      `SystemMonitor` is not local
    |
    = note: the attribute macro `pymethods` defines the non-local `impl`, and may need to be changed
    = note: the attribute macro `pymethods` may come from an old version of the `pyo3_macros` crate, try updating your dependency with `cargo update -p pyo3_macros`
    = note: an `impl` is never scoped, even when it is nested inside an item, as it may impact type checking outside of that item, which can be the case if neither the trait or the self type are at the same nesting level as the `impl`
    = note: this warning originates in the attribute macro `pymethods` (in Nightly builds, run with -Z macro-backtrace for more info)

For more information about this error, try `rustc --explain E0133`.
warning: `v2m_engine` (lib) generated 8 warnings (run `cargo fix --lib -p v2m_engine` to apply 1 suggestion)
    Finished `release` profile [optimized] target(s) in 0.77s
⚠️ Warning: Failed to set rpath for /home/zarvent/developer/v2m-lab/apps/backend/src/v2m_engine/target/release/libv2m_engine.so: Failed to execute 'patchelf', did you install it? Hint: Try `pip install maturin[patchelf]` (or just `pip install patchelf`)
📦 Built wheel for CPython 3.12 to /tmp/.tmp3V4is8/v2m_engine-0.2.0-cp312-cp312-linux_x86_64.whl
✏️ Setting installed package as editable
🛠 Installed v2m_engine-0.2.0
